  Drop.cpp
C:\Users\tolo otto\Documents\GitHub\Project_UPC\ALPHA\PANG! - Buster Bros!\PANG! - Buster Bros!\Animation.h(65,19): warning C4244:  'inicializando': conversión de 'const float' a 'int'; posible pérdida de datos
C:\Users\tolo otto\Documents\GitHub\Project_UPC\ALPHA\PANG! - Buster Bros!\PANG! - Buster Bros!\Animation.h(67,30): warning C4244:  '=': conversión de 'float' a 'int'; posible pérdida de datos
C:\Users\tolo otto\Documents\GitHub\Project_UPC\ALPHA\PANG! - Buster Bros!\PANG! - Buster Bros!\ModuleInterface.h(13,1): warning C4005:  'MAX_ACTIVE_PARTICLES': redefinición de macro
C:\Users\tolo otto\Documents\GitHub\Project_UPC\ALPHA\PANG! - Buster Bros!\PANG! - Buster Bros!\ModuleParticles.h(10): message :  vea la definición anterior de 'MAX_ACTIVE_PARTICLES'
  ModuleInterface.cpp
C:\Users\tolo otto\Documents\GitHub\Project_UPC\ALPHA\PANG! - Buster Bros!\PANG! - Buster Bros!\Drop.cpp(57,19): warning C4018:  '>=': no coinciden signed/unsigned
C:\Users\tolo otto\Documents\GitHub\Project_UPC\ALPHA\PANG! - Buster Bros!\PANG! - Buster Bros!\Animation.h(65,19): warning C4244:  'inicializando': conversión de 'const float' a 'int'; posible pérdida de datos
C:\Users\tolo otto\Documents\GitHub\Project_UPC\ALPHA\PANG! - Buster Bros!\PANG! - Buster Bros!\Animation.h(67,30): warning C4244:  '=': conversión de 'float' a 'int'; posible pérdida de datos
C:\Users\tolo otto\Documents\GitHub\Project_UPC\ALPHA\PANG! - Buster Bros!\PANG! - Buster Bros!\ModuleInterface.cpp(343,18): warning C4244:  '=': conversión de 'float' a 'TYPE'; posible pérdida de datos
C:\Users\tolo otto\Documents\GitHub\Project_UPC\ALPHA\PANG! - Buster Bros!\PANG! - Buster Bros!\ModuleInterface.cpp(343,18): warning C4244:         with
C:\Users\tolo otto\Documents\GitHub\Project_UPC\ALPHA\PANG! - Buster Bros!\PANG! - Buster Bros!\ModuleInterface.cpp(343,18): warning C4244:         [
C:\Users\tolo otto\Documents\GitHub\Project_UPC\ALPHA\PANG! - Buster Bros!\PANG! - Buster Bros!\ModuleInterface.cpp(343,18): warning C4244:             TYPE=int
C:\Users\tolo otto\Documents\GitHub\Project_UPC\ALPHA\PANG! - Buster Bros!\PANG! - Buster Bros!\ModuleInterface.cpp(343,18): warning C4244:         ]
  Generando código...
C:\Users\tolo otto\Documents\GitHub\Project_UPC\ALPHA\PANG! - Buster Bros!\PANG! - Buster Bros!\ModuleInterface.cpp(409,17): warning C4244:  '=': conversión de 'float' a 'TYPE'; posible pérdida de datos
C:\Users\tolo otto\Documents\GitHub\Project_UPC\ALPHA\PANG! - Buster Bros!\PANG! - Buster Bros!\ModuleInterface.cpp(409,17): warning C4244:         with
C:\Users\tolo otto\Documents\GitHub\Project_UPC\ALPHA\PANG! - Buster Bros!\PANG! - Buster Bros!\ModuleInterface.cpp(409,17): warning C4244:         [
C:\Users\tolo otto\Documents\GitHub\Project_UPC\ALPHA\PANG! - Buster Bros!\PANG! - Buster Bros!\ModuleInterface.cpp(409,17): warning C4244:             TYPE=int
C:\Users\tolo otto\Documents\GitHub\Project_UPC\ALPHA\PANG! - Buster Bros!\PANG! - Buster Bros!\ModuleInterface.cpp(409,17): warning C4244:         ]
  LINK : se especificó /LTCG pero no se requiere generación de código; quite /LTCG de la línea de comandos de vínculo para mejorar el rendimiento del vinculador
  PANG! - Buster Bros!.vcxproj -> C:\Users\tolo otto\Documents\GitHub\Project_UPC\ALPHA\PANG! - Buster Bros!\Debug\PANG! - Buster Bros!.exe
